<?xml version="1.0" encoding="UTF-8"?>
<!-- Generated by org.testng.reporters.JUnitXMLReporter -->
<testsuite hostname="ICPL13076" ignored="1" name="BDD Test" tests="1" failures="0" timestamp="24 Oct 2019 10:15:09 GMT" time="0.063" errors="0">
  <testcase name="New tour login" time="0.0" classname="com.qmetry.qaf.automation.step.client.DataDrivenScenario">
    <skipped/>
  </testcase> <!-- New tour login -->
  <testcase name="New tour login" time="0.0" classname="com.qmetry.qaf.automation.step.client.DataDrivenScenario">
    <ignored/>
  </testcase> <!-- New tour login -->
</testsuite> <!-- BDD Test -->
