<?xml version="1.0" encoding="UTF-8"?>
<!-- Generated by org.testng.reporters.JUnitXMLReporter -->
<testsuite hostname="ICPL13076" ignored="1" name="BDD Test" tests="2" failures="0" timestamp="30 Oct 2019 08:55:45 GMT" time="8.597" errors="0">
  <testcase name="New tour register" time="6.751" classname="com.qmetry.qaf.automation.step.client.DataDrivenScenario">
    <skipped/>
  </testcase> <!-- New tour register -->
  <testcase name="New tour register" time="1.742" classname="com.qmetry.qaf.automation.step.client.DataDrivenScenario">
    <skipped/>
  </testcase> <!-- New tour register -->
  <testcase name="New tour register" time="0.0" classname="com.qmetry.qaf.automation.step.client.DataDrivenScenario">
    <ignored/>
  </testcase> <!-- New tour register -->
</testsuite> <!-- BDD Test -->
