<?xml version="1.0" encoding="UTF-8"?>
<!-- Generated by org.testng.reporters.JUnitXMLReporter -->
<testsuite hostname="ICPL13076" ignored="4" tests="0" failures="0" timestamp="27 Sep 2019 06:04:41 GMT" time="0.006" errors="0">
  <testcase name="mobileToTakeMobileLoan" time="0.0" classname="com.pom.testng.Test1">
    <ignored/>
  </testcase> <!-- mobileToTakeMobileLoan -->
  <testcase name="webOnHomeLoan" time="0.0" classname="com.pom.testng.Test1">
    <ignored/>
  </testcase> <!-- webOnHomeLoan -->
  <testcase name="mobileLoginHomeLoan" time="0.0" classname="com.pom.testng.Test1">
    <ignored/>
  </testcase> <!-- mobileLoginHomeLoan -->
  <testcase name="mobileInCarLoan" time="0.0" classname="com.pom.testng.Test1">
    <ignored/>
  </testcase> <!-- mobileInCarLoan -->
</testsuite>
