<?xml version="1.0" encoding="UTF-8"?>
<testng-results skipped="0" failed="0" ignored="1" total="1" passed="0">
  <reporter-output>
  </reporter-output>
  <suite name="QAF BDD" duration-ms="20" started-at="2019-10-23T11:47:36Z" finished-at="2019-10-23T11:47:36Z">
    <groups>
    </groups>
    <test name="BDD Test" duration-ms="20" started-at="2019-10-23T11:47:36Z" finished-at="2019-10-23T11:47:36Z">
      <class name="com.qmetry.qaf.automation.step.client.DataDrivenScenario">
        <test-method status="PASS" signature="setupSuit(org.testng.ITestContext)[pri:0, instance:com.qmetry.qaf.automation.step.client.DataDrivenScenario@3e8]" test-instance-name="New tour login" name="setupSuit" is-config="true" duration-ms="22" started-at="2019-10-23T17:17:36Z" finished-at="2019-10-23T17:17:36Z">
          <params>
            <param index="0">
              <value>
                <![CDATA[org.testng.TestRunner@525f1e4e]]>
              </value>
            </param>
          </params>
          <reporter-output>
          </reporter-output>
        </test-method> <!-- setupSuit -->
        <test-method status="PASS" signature="setupTest(org.testng.ITestContext)[pri:0, instance:com.qmetry.qaf.automation.step.client.DataDrivenScenario@3e8]" test-instance-name="New tour login" name="setupTest" is-config="true" duration-ms="1" started-at="2019-10-23T17:17:36Z" finished-at="2019-10-23T17:17:36Z">
          <params>
            <param index="0">
              <value>
                <![CDATA[org.testng.TestRunner@525f1e4e]]>
              </value>
            </param>
          </params>
          <reporter-output>
          </reporter-output>
        </test-method> <!-- setupTest -->
        <test-method status="PASS" signature="setup(org.testng.ITestContext)[pri:0, instance:com.qmetry.qaf.automation.step.client.DataDrivenScenario@3e8]" test-instance-name="New tour login" name="setup" is-config="true" duration-ms="1" started-at="2019-10-23T17:17:36Z" finished-at="2019-10-23T17:17:36Z">
          <params>
            <param index="0">
              <value>
                <![CDATA[org.testng.TestRunner@525f1e4e]]>
              </value>
            </param>
          </params>
          <reporter-output>
          </reporter-output>
        </test-method> <!-- setup -->
        <test-method status="PASS" signature="afterClass(org.testng.ITestContext)[pri:0, instance:com.qmetry.qaf.automation.step.client.DataDrivenScenario@3e8]" test-instance-name="New tour login" name="afterClass" is-config="true" duration-ms="1" started-at="2019-10-23T17:17:36Z" finished-at="2019-10-23T17:17:36Z">
          <params>
            <param index="0">
              <value>
                <![CDATA[org.testng.TestRunner@525f1e4e]]>
              </value>
            </param>
          </params>
          <reporter-output>
          </reporter-output>
        </test-method> <!-- afterClass -->
        <test-method status="PASS" signature="afterTest(org.testng.ITestContext)[pri:0, instance:com.qmetry.qaf.automation.step.client.DataDrivenScenario@3e8]" test-instance-name="New tour login" name="afterTest" is-config="true" duration-ms="1" started-at="2019-10-23T17:17:36Z" finished-at="2019-10-23T17:17:36Z">
          <params>
            <param index="0">
              <value>
                <![CDATA[org.testng.TestRunner@525f1e4e]]>
              </value>
            </param>
          </params>
          <reporter-output>
          </reporter-output>
        </test-method> <!-- afterTest -->
        <test-method status="PASS" signature="afterSuit(org.testng.ITestContext)[pri:0, instance:com.qmetry.qaf.automation.step.client.DataDrivenScenario@3e8]" test-instance-name="New tour login" name="afterSuit" is-config="true" duration-ms="1" started-at="2019-10-23T17:17:36Z" finished-at="2019-10-23T17:17:36Z">
          <params>
            <param index="0">
              <value>
                <![CDATA[org.testng.TestRunner@525f1e4e]]>
              </value>
            </param>
          </params>
          <reporter-output>
          </reporter-output>
        </test-method> <!-- afterSuit -->
      </class> <!-- com.qmetry.qaf.automation.step.client.DataDrivenScenario -->
    </test> <!-- BDD Test -->
  </suite> <!-- QAF BDD -->
</testng-results>
